{"numFailedTestSuites":0,"numFailedTests":0,"numPassedTestSuites":2,"numPassedTests":5,"numPendingTestSuites":0,"numPendingTests":0,"numRuntimeErrorTestSuites":0,"numTodoTests":0,"numTotalTestSuites":2,"numTotalTests":5,"openHandles":[],"snapshot":{"added":0,"didUpdate":false,"failure":false,"filesAdded":0,"filesRemoved":0,"filesRemovedList":[],"filesUnmatched":0,"filesUpdated":0,"matched":0,"total":0,"unchecked":0,"uncheckedKeysByFile":[],"unmatched":0,"updated":0},"startTime":1750467656302,"success":true,"testResults":[{"assertionResults":[{"ancestorTitles":[],"duration":3,"failureDetails":[],"failureMessages":[],"fullName":"2 + 2 = 4","invocations":1,"location":null,"numPassingAsserts":1,"retryReasons":[],"status":"passed","title":"2 + 2 = 4"}],"endTime":1750467659143,"message":"","name":"/workspace/example.test.ts","startTime":1750467656702,"status":"passed","summary":""},{"assertionResults":[{"ancestorTitles":["tariffSearchService"],"duration":94,"failureDetails":[],"failureMessages":[],"fullName":"tariffSearchService searches by prefix and returns expected results","invocations":1,"location":null,"numPassingAsserts":2,"retryReasons":[],"status":"passed","title":"searches by prefix and returns expected results"},{"ancestorTitles":["tariffSearchService"],"duration":3,"failureDetails":[],"failureMessages":[],"fullName":"tariffSearchService returns empty array when prefix not found","invocations":1,"location":null,"numPassingAsserts":2,"retryReasons":[],"status":"passed","title":"returns empty array when prefix not found"},{"ancestorTitles":["tariffSearchService"],"duration":3012,"failureDetails":[],"failureMessages":[],"fullName":"tariffSearchService throws when segment index fetch fails","invocations":1,"location":null,"numPassingAsserts":1,"retryReasons":[],"status":"passed","title":"throws when segment index fetch fails"},{"ancestorTitles":["tariffSearchService"],"duration":3005,"failureDetails":[],"failureMessages":[],"fullName":"tariffSearchService returns empty when segment fetch is 404","invocations":1,"location":null,"numPassingAsserts":1,"retryReasons":[],"status":"passed","title":"returns empty when segment fetch is 404"}],"endTime":1750467665286,"message":"","name":"/workspace/src/__tests__/tariffSearchService.test.ts","startTime":1750467656697,"status":"passed","summary":""}],"wasInterrupted":false}
